Microsoft (R) Macro Assembler  Version 4.00                 11/19/18 12:39:15
STDPROC - process maintenance for MSDOS                     Page     1-1
                                                            

                                ; 
                                ; Pseudo EXEC system call for MSDOS 
                                ; 
                                 
                                .list 
                                 
                                TITLE   STDPROC - process maintenance for MSDOS
				 
                                NAME    STDPROC 
                                 
                             C  INCLUDE PROC.ASM 
                             C  ; 
                             C  ; process control system calls for MSDOS 
                             C  ; 
                             C   
                             C  INCLUDE DOSSEG.ASM 
                             C  ; 
                             C  ; segment ordering for MSDOS 
                             C  ; 
                             C   
 0000                        C  CONSTANTS       SEGMENT BYTE PUBLIC 'CONST' 
 0000                        C  CONSTANTS       ENDS 
                             C   
 0000                        C  DATA            SEGMENT BYTE PUBLIC 'DATA' 
 0000                        C  DATA            ENDS 
                             C   
 0000                        C  CODE            SEGMENT BYTE PUBLIC 'CODE' 
 0000                        C  CODE            ENDS 
                             C   
 0000                        C  LAST            SEGMENT BYTE PUBLIC 'LAST' 
 0000                        C  LAST            ENDS 
                             C   
                             C  DOSGROUP    GROUP   CODE,CONSTANTS,DATA,LAST 
                             C   
                             C   
 0000                        C  CODE    SEGMENT BYTE PUBLIC  'CODE' 
                             C          ASSUME  SS:DOSGROUP,CS:DOSGROUP 
                             C   
                             C  .list 
                             C   
                             C      i_need  CurrentPDB,WORD 
 0000                        C1  DATA SEGMENT BYTE PUBLIC 'DATA'
 0000                        C1  DATA ENDS
                             C      i_need  CreatePDB,BYTE 
 0000                        C1  DATA SEGMENT BYTE PUBLIC 'DATA'
 0000                        C1  DATA ENDS
                             C      i_need  NUMIO,BYTE 
 0000                        C1  DATA SEGMENT BYTE PUBLIC 'DATA'
 0000                        C1  DATA ENDS
                             C      i_need  Exit_type,BYTE 
 0000                        C1  DATA SEGMENT BYTE PUBLIC 'DATA'
 0000                        C1  DATA ENDS
                             C      i_need  INDOS,BYTE 
 0000                        C1  DATA SEGMENT BYTE PUBLIC 'DATA'
Microsoft (R) Macro Assembler  Version 4.00                 11/19/18 12:39:15
STDPROC - process maintenance for MSDOS                     Page     1-2
DEVICE TABLE AND SRH DEFINITION                             

 0000                        C1  DATA ENDS
                             C      i_need  DMAADD,DWORD 
 0000                        C1  DATA SEGMENT BYTE PUBLIC 'DATA'
 0000                        C1  DATA ENDS
                             C      i_need  DidCTRLC,BYTE 
 0000                        C1  DATA SEGMENT BYTE PUBLIC 'DATA'
 0000                        C1  DATA ENDS
                             C   
                             C  SUBTTL $WAIT - return previous process error co
				de 
Microsoft (R) Macro Assembler  Version 4.00                 11/19/18 12:39:15
STDPROC - process maintenance for MSDOS                     Page     1-3
$WAIT - return previous process error code                  

                             C  PAGE 
                             C  ; 
                             C  ; process control data 
                             C  ; 
                             C          i_need  exit_code,WORD          ; code 
				of exit 
 0000                        C1  DATA SEGMENT BYTE PUBLIC 'DATA'
 0000                        C1  DATA ENDS
                             C   
                             C  ; 
                             C  ;   Assembler usage: 
                             C  ;           MOV     AH, Wait 
                             C  ;           INT     int_command 
                             C  ;         AX has the exit code 
                             C          procedure   $WAIT,NEAR 
 0000                        C1 $WAIT PROC NEAR
                             C          ASSUME  DS:NOTHING,ES:NOTHING 
 0000  36: A1 0000 E         C          MOV     AX,[exit_code] 
 0004  33 D2                 C          XOR     DX,DX 
 0006  36: 89 16 0000 E      C          MOV     [exit_code],DX 
                             C          transfer    SYS_RET_OK 
 000B                        C2  ??0000:
 000B  E9 0000 E             C2  JMP SYS_RET_OK
                             C  $WAIT   ENDP 
                             C   
                             C  IF IBM 
                             C          procedure   $EXEC,NEAR 
 000E                        C1 $EXEC PROC NEAR
                             C          error   error_invalid_function 
 000E  B0 01                 C1  MOV AL,error_invalid_function
 0010                        C3  ??0002:
 0010  E9 0000 E             C3  JMP SYS_RET_ERR
                             C  $EXEC   ENDP 
                             C  ENDIF 
                             C  ENDIF 
                             C   
                             C  SUBTTL Terminate and stay resident handler 
Microsoft (R) Macro Assembler  Version 4.00                 11/19/18 12:39:15
STDPROC - process maintenance for MSDOS                     Page     1-4
Terminate and stay resident handler                         

                             C  PAGE 
                             C  ; 
                             C  ; Input:    DX is  an  offset  from  CurrentPDB
				  at which to 
                             C  ;           truncate the current block. 
                             C  ; 
                             C  ; output:   The current block is truncated (exp
				anded) to be [DX+15]/16 
                             C  ;           paragraphs long.  An exit is simula
				ted via resetting CurrentPDB 
                             C  ;           and restoring the vectors. 
                             C  ; 
                             C          procedure   $Keep_process,NEAR 
 0013                        C1 $Keep_process PROC NEAR
                             C          ASSUME DS:NOTHING,ES:NOTHING,SS:DOSGROU
				P 
                             C   
 0013  50                    C          PUSH    AX                      ; keep 
				exit code around 
 0014  36: C6 06 0000 E 03   C          MOV     BYTE PTR [Exit_type],Exit_keep_
				process 
 001A  36: 8E 06 0000 E      C          MOV     ES,[CurrentPDB] 
 001F  83 FA 06              C          CMP     DX,6h                   ; keep 
				enough space around for system 
 0022  73 03                 C          JAE     Keep_shrink             ; info 
 0024  BA 0006               C          MOV     DX,6h 
 0027                        C  keep_shrink: 
 0027  8B DA                 C          MOV     BX,DX 
 0029  53                    C          PUSH    BX 
 002A  06                    C          PUSH    ES 
                             C          invoke  $SETBLOCK               ; ignor
				e return codes. 
 002B  E8 0000 E             C1  CALL $SETBLOCK
 002E  1F                    C          POP     DS 
 002F  5B                    C          POP     BX 
 0030  72 07                 C          JC      keep_done               ; faile
				d on modification 
 0032  8C D8                 C          MOV     AX,DS 
 0034  03 C3                 C          ADD     AX,BX 
 0036  A3 0002               C          MOV     DS:[PDB_block_len],AX 
                             C   
 0039                        C  keep_done: 
 0039  58                    C          POP     AX 
 003A  EB 24                 C          JMP     SHORT exit_inner        ; and l
				et abort take care of the rest 
                             C   
                             C  $Keep_process   ENDP 
                             C   
                             C          procedure   Stay_resident,NEAR 
 003C                        C1 Stay_resident PROC NEAR
                             C          ASSUME  DS:NOTHING,ES:NOTHING,SS:NOTHIN
				G 
 003C  B8 3100               C          MOV     AX,(Keep_process SHL 8) + 0 ; L
				ower part is return code 
Microsoft (R) Macro Assembler  Version 4.00                 11/19/18 12:39:15
STDPROC - process maintenance for MSDOS                     Page     1-5
Terminate and stay resident handler                         

 003F  83 C2 0F              C          ADD     DX,15 
 0042  B1 04                 C          MOV     CL,4 
 0044  D3 EA                 C          SHR     DX,CL 
                             C   
                             C          transfer    COMMAND 
 0046                        C2  ??0003:
 0046  E9 0000 E             C2  JMP COMMAND
                             C  Stay_resident   ENDP 
                             C   
                             C  SUBTTL $EXIT - return to parent process 
Microsoft (R) Macro Assembler  Version 4.00                 11/19/18 12:39:15
STDPROC - process maintenance for MSDOS                     Page     1-6
$EXIT - return to parent process                            

                             C  PAGE 
                             C  ; 
                             C  ;   Assembler usage: 
                             C  ;           MOV     AL, code 
                             C  ;           MOV     AH, Exit 
                             C  ;           INT     int_command 
                             C  ;   Error return: 
                             C  ;           None. 
                             C  ; 
                             C          procedure   $EXIT,NEAR 
 0049                        C1 $EXIT PROC NEAR
                             C          ASSUME  DS:NOTHING,ES:NOTHING,SS:DOSGRO
				UP 
 0049  32 E4                 C          XOR     AH,AH 
 004B  36: 86 26 0000 E      C          XCHG    AH,BYTE PTR [DidCTRLC] 
 0050  0A E4                 C          OR      AH,AH 
 0052  36: C6 06 0000 E 00   C          MOV     BYTE PTR [Exit_type],exit_termi
				nate 
 0058  74 06                 C          JZ      exit_inner 
 005A  36: C6 06 0000 E 01   C          MOV     BYTE PTR [Exit_type],exit_ctrl_
				c 
                             C   
 0060                        C  Exit_inner: 
                             C          invoke  get_user_stack 
 0060  E8 0000 E             C1  CALL get_user_stack
 0063  36: FF 36 0000 E      C          PUSH    [CurrentPDB] 
 0068  8F 44 14              C          POP     [SI.user_CS] 
                             C          transfer    abort_inner 
 006B                        C2  ??0004:
 006B  E9 0000 E             C2  JMP abort_inner
                             C  $EXIT   ENDP 
                             C   
                             C  do_ext 
                             C   
 006E                        C  CODE    ENDS 
                             C      END 

Microsoft (R) Macro Assembler  Version 4.00                 11/19/18 12:39:15
STDPROC - process maintenance for MSDOS                     Symbols-1
                                                             

Macros:

		N a m e			Lines

BREAK  . . . . . . . . . . . . .  	   2
CONDRET  . . . . . . . . . . . .  	  19
CONTEXT  . . . . . . . . . . . .  	   3
DO_EXT . . . . . . . . . . . . .  	   0
ENTRY  . . . . . . . . . . . . .  	   2
ERROR  . . . . . . . . . . . . .  	   4
INVOKE . . . . . . . . . . . . .  	   8
I_AM . . . . . . . . . . . . . .  	  14
I_NEED . . . . . . . . . . . . .  	  11
JUMP . . . . . . . . . . . . . .  	  17
LONG_ADDR  . . . . . . . . . . .  	   7
MAKELAB  . . . . . . . . . . . .  	   4
PROCEDURE  . . . . . . . . . . .  	   2
RETC . . . . . . . . . . . . . .  	   1
RETNC  . . . . . . . . . . . . .  	   1
RETNZ  . . . . . . . . . . . . .  	   1
RETURN . . . . . . . . . . . . .  	   5
RETZ . . . . . . . . . . . . . .  	   1
SHORT_ADDR . . . . . . . . . . .  	  12
TRANSFER . . . . . . . . . . . .  	   8

Structures and Records:

                N a m e                 Width   # fields
                                        Shift   Width   Mask    Initial

ARENA  . . . . . . . . . . . . .  	0005	0003
  ARENA_SIGNATURE  . . . . . . .  	0000
  ARENA_OWNER  . . . . . . . . .  	0001
  ARENA_SIZE . . . . . . . . . .  	0003
BPBLOCK  . . . . . . . . . . . .  	000D	0008
  BPSECSZ  . . . . . . . . . . .  	0000
  BPCLUS . . . . . . . . . . . .  	0002
  BPRES  . . . . . . . . . . . .  	0003
  BPFTCNT  . . . . . . . . . . .  	0005
  BPDRCNT  . . . . . . . . . . .  	0006
  BPSCCNT  . . . . . . . . . . .  	0008
  BPMEDIA  . . . . . . . . . . .  	000A
  BPFTSEC  . . . . . . . . . . .  	000B
BUFFINFO . . . . . . . . . . . .  	0010	0009
  NEXTBUF  . . . . . . . . . . .  	0000
  BUFDRV . . . . . . . . . . . .  	0004
  BUFDIRTY . . . . . . . . . . .  	0005
  BUFPRI . . . . . . . . . . . .  	0006
  VISIT  . . . . . . . . . . . .  	0007
  BUFSECNO . . . . . . . . . . .  	0008
  BUFWRTCNT  . . . . . . . . . .  	000A
  BUFWRTINC  . . . . . . . . . .  	000B
  BUFDRVDP . . . . . . . . . . .  	000C
DIR_ENTRY  . . . . . . . . . . .  	0020	0008
Microsoft (R) Macro Assembler  Version 4.00                 11/19/18 12:39:15
STDPROC - process maintenance for MSDOS                     Symbols-2
                                                             

  DIR_NAME . . . . . . . . . . .  	0000
  DIR_ATTR . . . . . . . . . . .  	000B
  DIR_PAD  . . . . . . . . . . .  	000C
  DIR_TIME . . . . . . . . . . .  	0016
  DIR_DATE . . . . . . . . . . .  	0018
  DIR_FIRST  . . . . . . . . . .  	001A
  DIR_SIZE_L . . . . . . . . . .  	001C
  DIR_SIZE_H . . . . . . . . . .  	001E
DPB  . . . . . . . . . . . . . .  	005E	0012
  DPB_DRIVE  . . . . . . . . . .  	0000
  DPB_UNIT . . . . . . . . . . .  	0001
  DPB_SECTOR_SIZE  . . . . . . .  	0002
  DPB_CLUSTER_MASK . . . . . . .  	0004
  DPB_CLUSTER_SHIFT  . . . . . .  	0005
  DPB_FIRST_FAT  . . . . . . . .  	0006
  DPB_FAT_COUNT  . . . . . . . .  	0008
  DPB_ROOT_ENTRIES . . . . . . .  	0009
  DPB_FIRST_SECTOR . . . . . . .  	000B
  DPB_MAX_CLUSTER  . . . . . . .  	000D
  DPB_FAT_SIZE . . . . . . . . .  	000F
  DPB_DIR_SECTOR . . . . . . . .  	0010
  DPB_DRIVER_ADDR  . . . . . . .  	0012
  DPB_MEDIA  . . . . . . . . . .  	0016
  DPB_FIRST_ACCESS . . . . . . .  	0017
  DPB_NEXT_DPB . . . . . . . . .  	0018
  DPB_CURRENT_DIR  . . . . . . .  	001C
  DPB_DIR_TEXT . . . . . . . . .  	001E
EXEC0  . . . . . . . . . . . . .  	000E	0004
  EXEC0_ENVIRON  . . . . . . . .  	0000
  EXEC0_COM_LINE . . . . . . . .  	0002
  EXEC0_5C_FCB . . . . . . . . .  	0006
  EXEC0_6C_FCB . . . . . . . . .  	000A
EXEC1  . . . . . . . . . . . . .  	0016	0008
  EXEC1_ENVIRON  . . . . . . . .  	0000
  EXEC1_COM_LINE . . . . . . . .  	0002
  EXEC1_5C_FCB . . . . . . . . .  	0006
  EXEC1_6C_FCB . . . . . . . . .  	000A
  EXEC1_SP . . . . . . . . . . .  	000E
  EXEC1_SS . . . . . . . . . . .  	0010
  EXEC1_IP . . . . . . . . . . .  	0012
  EXEC1_CS . . . . . . . . . . .  	0014
EXEC3  . . . . . . . . . . . . .  	0004	0002
  EXEC3_LOAD_ADDR  . . . . . . .  	0000
  EXEC3_RELOC_FAC  . . . . . . .  	0002
EXE_FILE . . . . . . . . . . . .  	0020	000F
  EXE_SIGNATURE  . . . . . . . .  	0000
  EXE_LEN_MOD_512  . . . . . . .  	0002
  EXE_PAGES  . . . . . . . . . .  	0004
  EXE_RLE_COUNT  . . . . . . . .  	0006
  EXE_PAR_DIR  . . . . . . . . .  	0008
  EXE_MIN_BSS  . . . . . . . . .  	000A
  EXE_MAX_BSS  . . . . . . . . .  	000C
  EXE_SS . . . . . . . . . . . .  	000E
  EXE_SP . . . . . . . . . . . .  	0010
Microsoft (R) Macro Assembler  Version 4.00                 11/19/18 12:39:15
STDPROC - process maintenance for MSDOS                     Symbols-3
                                                             

  EXE_CHKSUM . . . . . . . . . .  	0012
  EXE_IP . . . . . . . . . . . .  	0014
  EXE_CS . . . . . . . . . . . .  	0016
  EXE_RLE_TABLE  . . . . . . . .  	0018
  EXE_IOV  . . . . . . . . . . .  	001A
  EXE_SYM_TAB  . . . . . . . . .  	001C
FIND_BUF . . . . . . . . . . . .  	002B	000C
  FIND_BUF_SATTR . . . . . . . .  	0000
  FIND_BUF_DRIVE . . . . . . . .  	0001
  FIND_BUF_NAME  . . . . . . . .  	0002
  FIND_BUF_LASTENT . . . . . . .  	000D
  FIND_BUF_THISDPB . . . . . . .  	000F
  FIND_BUF_DIRSTART  . . . . . .  	0013
  FIND_BUF_ATTR  . . . . . . . .  	0015
  FIND_BUF_TIME  . . . . . . . .  	0016
  FIND_BUF_DATE  . . . . . . . .  	0018
  FIND_BUF_SIZE_L  . . . . . . .  	001A
  FIND_BUF_SIZE_H  . . . . . . .  	001C
  FIND_BUF_PNAME . . . . . . . .  	001E
INTERNAT_BLOCK . . . . . . . . .  	0018	0015
  DATE_TIM_FORMAT  . . . . . . .  	0000
  CURRENCY_SYM . . . . . . . . .  	0002
  THOUS_SEP  . . . . . . . . . .  	0007
  DECIMAL_SEP  . . . . . . . . .  	0009
  DATE_SEP . . . . . . . . . . .  	000B
  TIME_SEP . . . . . . . . . . .  	000D
  BIT_FEILD  . . . . . . . . . .  	000F
  CURRENCY_CENTS . . . . . . . .  	0010
  TIME_24  . . . . . . . . . . .  	0011
  MAP_CALL . . . . . . . . . . .  	0012
  DATA_SEP . . . . . . . . . . .  	0016
PROCESS_DATA_BLOCK . . . . . . .  	005B	000E
  PDB_EXIT_CALL  . . . . . . . .  	0000
  PDB_BLOCK_LEN  . . . . . . . .  	0002
  PDB_CPM_CALL . . . . . . . . .  	0005
  PDB_EXIT . . . . . . . . . . .  	000A
  PDB_CTRL_C . . . . . . . . . .  	000E
  PDB_FATAL_ABORT  . . . . . . .  	0012
  PDB_PARENT_PID . . . . . . . .  	0016
  PDB_JFN_TABLE  . . . . . . . .  	0018
  PDB_ENVIRON  . . . . . . . . .  	002C
  PDB_USER_STACK . . . . . . . .  	002E
  PDB_PAD1 . . . . . . . . . . .  	0032
  PDB_CALL_SYSTEM  . . . . . . .  	0050
  PDB_PAD2 . . . . . . . . . . .  	0055
SFT  . . . . . . . . . . . . . .  	0008	0003
  SFT_LINK . . . . . . . . . . .  	0000
  SFT_COUNT  . . . . . . . . . .  	0004
  SFT_TABLE  . . . . . . . . . .  	0006
SF_ENTRY . . . . . . . . . . . .  	0028	0004
  SF_REF_COUNT . . . . . . . . .  	0000
  SF_MODE  . . . . . . . . . . .  	0001
  SF_ATTR  . . . . . . . . . . .  	0002
  SF_FCB . . . . . . . . . . . .  	0003
Microsoft (R) Macro Assembler  Version 4.00                 11/19/18 12:39:15
STDPROC - process maintenance for MSDOS                     Symbols-4
                                                             

SRHEAD . . . . . . . . . . . . .  	000D	0005
  REQLEN . . . . . . . . . . . .  	0000
  REQUNIT  . . . . . . . . . . .  	0001
  REQFUNC  . . . . . . . . . . .  	0002
  REQSTAT  . . . . . . . . . . .  	0003
SYMBOL_ENTRY . . . . . . . . . .  	0106	0004
  SYM_VALUE  . . . . . . . . . .  	0000
  SYM_TYPE . . . . . . . . . . .  	0004
  SYM_LEN  . . . . . . . . . . .  	0006
  SYM_NAME . . . . . . . . . . .  	0007
SYSDEV . . . . . . . . . . . . .  	0012	0005
  SDEVNEXT . . . . . . . . . . .  	0000
  SDEVATT  . . . . . . . . . . .  	0004
  SDEVSTRAT  . . . . . . . . . .  	0006
  SDEVINT  . . . . . . . . . . .  	0008
  SDEVNAME . . . . . . . . . . .  	000A
SYS_FCB  . . . . . . . . . . . .  	0025	0010
  FCB_DRIVE  . . . . . . . . . .  	0000
  FCB_NAME . . . . . . . . . . .  	0001
  FCB_EXT  . . . . . . . . . . .  	0009
  FCB_EXTENT . . . . . . . . . .  	000C
  FCB_RECSIZ . . . . . . . . . .  	000E
  FCB_FILSIZ . . . . . . . . . .  	0010
  FCB_DRVBP  . . . . . . . . . .  	0012
  FCB_FDATE  . . . . . . . . . .  	0014
  FCB_FTIME  . . . . . . . . . .  	0016
  FCB_DEVID  . . . . . . . . . .  	0018
  FCB_FIRCLUS  . . . . . . . . .  	0019
  FCB_CLUSPOS  . . . . . . . . .  	001B
  FCB_LSTCLUS  . . . . . . . . .  	001D
  FCB_NR . . . . . . . . . . . .  	0020
  FCB_RR . . . . . . . . . . . .  	0021
USER_ENVIRON . . . . . . . . . .  	0018	000C
  USER_AX  . . . . . . . . . . .  	0000
  USER_BX  . . . . . . . . . . .  	0002
  USER_CX  . . . . . . . . . . .  	0004
  USER_DX  . . . . . . . . . . .  	0006
  USER_SI  . . . . . . . . . . .  	0008
  USER_DI  . . . . . . . . . . .  	000A
  USER_BP  . . . . . . . . . . .  	000C
  USER_DS  . . . . . . . . . . .  	000E
  USER_ES  . . . . . . . . . . .  	0010
  USER_IP  . . . . . . . . . . .  	0012
  USER_CS  . . . . . . . . . . .  	0014
  USER_F . . . . . . . . . . . .  	0016

Segments and Groups:

                N a m e         	Size	Align	Combine Class

DOSGROUP . . . . . . . . . . . .  	GROUP
  CODE . . . . . . . . . . . . .  	006E	BYTE	PUBLIC	'CODE'
  CONSTANTS  . . . . . . . . . .  	0000	BYTE	PUBLIC	'CONST'
  DATA . . . . . . . . . . . . .  	0000	BYTE	PUBLIC	'DATA'
Microsoft (R) Macro Assembler  Version 4.00                 11/19/18 12:39:15
STDPROC - process maintenance for MSDOS                     Symbols-5
                                                             

  LAST . . . . . . . . . . . . .  	0000	BYTE	PUBLIC	'LAST'

Symbols:            

                N a m e         	Type	Value	Attr         

ABORT  . . . . . . . . . . . . .  	Number	0000	
ABORT_INNER_J  . . . . . . . . .  	NEAR 	006B	CODE
ADDR_INT_ABORT . . . . . . . . .  	Number	0080	
ADDR_INT_COMMAND . . . . . . . .  	Number	0084	
ADDR_INT_CTRL_C  . . . . . . . .  	Number	008C	
ADDR_INT_DISK_READ . . . . . . .  	Number	0094	
ADDR_INT_DISK_WRITE  . . . . . .  	Number	0098	
ADDR_INT_FASTCON . . . . . . . .  	Number	00A4	
ADDR_INT_FATAL_ABORT . . . . . .  	Number	0090	
ADDR_INT_KEEP_PROCESS  . . . . .  	Number	009C	
ADDR_INT_SPOOLER . . . . . . . .  	Number	00A0	
ADDR_INT_TERMINATE . . . . . . .  	Number	0088	
ALLOC  . . . . . . . . . . . . .  	Number	0048	
ALLOCOPER  . . . . . . . . . . .  	Number	0058	
ALLOC_ARENA_TRASHED  . . . . . .  	Alias	 ERROR_ARENA_TRASHED		
ALLOC_NOT_ENOUGH_MEMORY  . . . .  	Alias	 ERROR_NOT_ENOUGH_MEMORY		
ALTVECT  . . . . . . . . . . . .  	Alias	 FALSE		
ARENA_OWNER_SYSTEM . . . . . . .  	Number	0000	
ARENA_SIGNATURE_END  . . . . . .  	Number	005A	
ARENA_SIGNATURE_NORMAL . . . . .  	Number	004D	
ASSIGNOPER . . . . . . . . . . .  	Number	005F	
ATTR_ALL . . . . . . . . . . . .  	Number	0016	
ATTR_ARCHIVE . . . . . . . . . .  	Number	0020	
ATTR_CHANGEABLE  . . . . . . . .  	Number	0027	
ATTR_DIRECTORY . . . . . . . . .  	Number	0010	
ATTR_HIDDEN  . . . . . . . . . .  	Number	0002	
ATTR_IGNORE  . . . . . . . . . .  	Number	0021	
ATTR_READ_ONLY . . . . . . . . .  	Number	0001	
ATTR_SYSTEM  . . . . . . . . . .  	Number	0004	
ATTR_VOLUME_ID . . . . . . . . .  	Number	0008	

BUFINSIZ . . . . . . . . . . . .  	Number	0010	

CANCEL . . . . . . . . . . . . .  	Number	001B	
CHAR_OPER  . . . . . . . . . . .  	Number	0037	
CHDIR  . . . . . . . . . . . . .  	Number	003B	
CHDIR_PATH_NOT_FOUND . . . . . .  	Alias	 ERROR_PATH_NOT_FOUND		
CHMOD  . . . . . . . . . . . . .  	Number	0043	
CHMOD_ACCESS_DENIED  . . . . . .  	Alias	 ERROR_ACCESS_DENIED		
CHMOD_INVALID_FUNCTION . . . . .  	Alias	 ERROR_INVALID_FUNCTION		
CHMOD_PATH_NOT_FOUND . . . . . .  	Alias	 ERROR_PATH_NOT_FOUND		
CLOSE  . . . . . . . . . . . . .  	Number	003E	
CLOSE_INVALID_FUNCTION . . . . .  	Alias	 ERROR_INVALID_FUNCTION		
CLOSE_INVALID_HANDLE . . . . . .  	Alias	 ERROR_INVALID_HANDLE		
COMMAND_J  . . . . . . . . . . .  	NEAR 	0046	CODE
COUNTRY_NOT_FOUND  . . . . . . .  	Alias	 ERROR_FILE_NOT_FOUND		
CREAT  . . . . . . . . . . . . .  	Number	003C	
CREATENEWFILE  . . . . . . . . .  	Number	005B	
Microsoft (R) Macro Assembler  Version 4.00                 11/19/18 12:39:15
STDPROC - process maintenance for MSDOS                     Symbols-6
                                                             

CREATEPDB  . . . . . . . . . . .  	V BYTE 	0000	DATA	External
CREATETEMPFILE . . . . . . . . .  	Number	005A	
CREATE_PROCESS_DATA_BLOCK  . . .  	Number	0026	
CREAT_ACCESS_DENIED  . . . . . .  	Alias	 ERROR_ACCESS_DENIED		
CREAT_PATH_NOT_FOUND . . . . . .  	Alias	 ERROR_PATH_NOT_FOUND		
CREAT_TOO_MANY_OPEN_FILES  . . .  	Alias	 ERROR_TOO_MANY_OPEN_FILES		
CURDIR_INVALID_DRIVE . . . . . .  	Alias	 ERROR_INVALID_DRIVE		
CURRENTPDB . . . . . . . . . . .  	V WORD 	0000	DATA	External
CURRENT_DIR  . . . . . . . . . .  	Number	0047	
C_BS . . . . . . . . . . . . . .  	Number	0008	
C_CR . . . . . . . . . . . . . .  	Number	000D	
C_DEL  . . . . . . . . . . . . .  	Number	007F	
C_ETB  . . . . . . . . . . . . .  	Number	0017	
C_ETX  . . . . . . . . . . . . .  	Number	0003	
C_HT . . . . . . . . . . . . . .  	Number	0009	
C_LF . . . . . . . . . . . . . .  	Number	000A	
C_NAK  . . . . . . . . . . . . .  	Number	0015	

DBPBHL . . . . . . . . . . . . .  	Number	0016	
DEALLOC  . . . . . . . . . . . .  	Number	0049	
DEALLOC_ARENA_TRASHED  . . . . .  	Alias	 ERROR_ARENA_TRASHED		
DEALLOC_INVALID_BLOCK  . . . . .  	Alias	 ERROR_INVALID_BLOCK		
DEVBPB . . . . . . . . . . . . .  	Number	0002	
DEVID_BLOCK_DEV  . . . . . . . .  	Number	001F	
DEVID_DEVICE . . . . . . . . . .  	Number	0080	
DEVID_DEVICE_CLOCK . . . . . . .  	Number	0008	
DEVID_DEVICE_CON_IN  . . . . . .  	Number	0001	
DEVID_DEVICE_CON_OUT . . . . . .  	Number	0002	
DEVID_DEVICE_EOF . . . . . . . .  	Number	0040	
DEVID_DEVICE_NULL  . . . . . . .  	Number	0004	
DEVID_DEVICE_RAW . . . . . . . .  	Number	0020	
DEVID_DEVICE_SPECIAL . . . . . .  	Number	0010	
DEVID_EOF  . . . . . . . . . . .  	Number	0040	
DEVID_FILE_CLEAN . . . . . . . .  	Number	0040	
DEVID_FILE_MASK_DRIVE  . . . . .  	Number	003F	
DEVID_ISCIN  . . . . . . . . . .  	Number	0001	
DEVID_ISCLK  . . . . . . . . . .  	Number	0008	
DEVID_ISCOT  . . . . . . . . . .  	Number	0002	
DEVID_ISDEV  . . . . . . . . . .  	Number	0080	
DEVID_ISNUL  . . . . . . . . . .  	Number	0004	
DEVID_RAW  . . . . . . . . . . .  	Number	0020	
DEVID_SPECIAL  . . . . . . . . .  	Number	0010	
DEVIFL . . . . . . . . . . . . .  	Number	0007	
DEVINIT  . . . . . . . . . . . .  	Number	0000	
DEVIOCTL . . . . . . . . . . . .  	Number	4000	
DEVIST . . . . . . . . . . . . .  	Number	0006	
DEVMDCH  . . . . . . . . . . . .  	Number	0001	
DEVOFL . . . . . . . . . . . . .  	Number	000B	
DEVOST . . . . . . . . . . . . .  	Number	000A	
DEVRD  . . . . . . . . . . . . .  	Number	0004	
DEVRDIOCTL . . . . . . . . . . .  	Number	0003	
DEVRDND  . . . . . . . . . . . .  	Number	0005	
DEVTYP . . . . . . . . . . . . .  	Number	8000	
DEVWRIOCTL . . . . . . . . . . .  	Number	000C	
Microsoft (R) Macro Assembler  Version 4.00                 11/19/18 12:39:15
STDPROC - process maintenance for MSDOS                     Symbols-7
                                                             

DEVWRT . . . . . . . . . . . . .  	Number	0008	
DEVWRTV  . . . . . . . . . . . .  	Number	0009	
DFLSHL . . . . . . . . . . . . .  	Number	000F	
DIDCTRLC . . . . . . . . . . . .  	V BYTE 	0000	DATA	External
DINITHL  . . . . . . . . . . . .  	Number	001A	
DIRPRI . . . . . . . . . . . . .  	Number	000F	
DIRSTRLEN  . . . . . . . . . . .  	Number	0040	
DIR_SEARCH_FIRST . . . . . . . .  	Number	0011	
DIR_SEARCH_NEXT  . . . . . . . .  	Number	0012	
DISK_RESET . . . . . . . . . . .  	Number	000D	
DMAADD . . . . . . . . . . . . .  	V DWORD	0000	DATA	External
DMEDHL . . . . . . . . . . . . .  	Number	000F	
DOS_MAJOR_VERSION  . . . . . . .  	Number	0002	
DOS_MINOR_VERSION  . . . . . . .  	Number	0000	
DPBSIZ . . . . . . . . . . . . .  	Number	005E	
DRDNDHL  . . . . . . . . . . . .  	Number	000E	
DRDWRHL  . . . . . . . . . . . .  	Number	0016	
DSKSIZ . . . . . . . . . . . . .  	Number	000D	
DSTATHL  . . . . . . . . . . . .  	Number	000D	
DUP2_INVALID_HANDLE  . . . . . .  	Alias	 ERROR_INVALID_HANDLE		
DUP_INVALID_HANDLE . . . . . . .  	Alias	 ERROR_INVALID_HANDLE		
DUP_PDB  . . . . . . . . . . . .  	Number	0055	
DUP_TOO_MANY_OPEN_FILES  . . . .  	Alias	 ERROR_TOO_MANY_OPEN_FILES		

ENTRYPOINT . . . . . . . . . . .  	Number	00C0	
ERROR_ACCESS_DENIED  . . . . . .  	Number	0005	
ERROR_ARENA_TRASHED  . . . . . .  	Number	0007	
ERROR_BAD_ENVIRONMENT  . . . . .  	Number	000A	
ERROR_BAD_FORMAT . . . . . . . .  	Number	000B	
ERROR_CURRENT_DIRECTORY  . . . .  	Number	0010	
ERROR_FILE_NOT_FOUND . . . . . .  	Number	0002	
ERROR_INVALID_ACCESS . . . . . .  	Number	000C	
ERROR_INVALID_BLOCK  . . . . . .  	Number	0009	
ERROR_INVALID_DATA . . . . . . .  	Number	000D	
ERROR_INVALID_DRIVE  . . . . . .  	Number	000F	
ERROR_INVALID_FUNCTION . . . . .  	Number	0001	
ERROR_INVALID_HANDLE . . . . . .  	Number	0006	
ERROR_NOT_ENOUGH_MEMORY  . . . .  	Number	0008	
ERROR_NOT_SAME_DEVICE  . . . . .  	Number	0011	
ERROR_NO_MORE_FILES  . . . . . .  	Number	0012	
ERROR_PATH_NOT_FOUND . . . . . .  	Number	0003	
ERROR_TOO_MANY_OPEN_FILES  . . .  	Number	0004	
ESCCH  . . . . . . . . . . . . .  	Number	0000	
EXEC . . . . . . . . . . . . . .  	Number	004B	
EXEC_BAD_ENVIRONMENT . . . . . .  	Alias	 ERROR_BAD_ENVIRONMENT		
EXEC_BAD_FORMAT  . . . . . . . .  	Alias	 ERROR_BAD_FORMAT		
EXEC_FILE_NOT_FOUND  . . . . . .  	Alias	 ERROR_FILE_NOT_FOUND		
EXEC_FUNC_NO_EXECUTE . . . . . .  	Number	0001	
EXEC_FUNC_OVERLAY  . . . . . . .  	Number	0002	
EXEC_INVALID_FUNCTION  . . . . .  	Alias	 ERROR_INVALID_FUNCTION		
EXEC_NOT_ENOUGH_MEMORY . . . . .  	Alias	 ERROR_NOT_ENOUGH_MEMORY		
EXE_VALID_OLD_SIGNATURE  . . . .  	Number	4D5A	
EXE_VALID_SIGNATURE  . . . . . .  	Number	5A4D	
EXIT . . . . . . . . . . . . . .  	Number	004C	
Microsoft (R) Macro Assembler  Version 4.00                 11/19/18 12:39:15
STDPROC - process maintenance for MSDOS                     Symbols-8
                                                             

EXIT_ABORT . . . . . . . . . . .  	Number	0000	
EXIT_CODE  . . . . . . . . . . .  	V WORD 	0000	DATA	External
EXIT_CTRL_C  . . . . . . . . . .  	Number	0001	
EXIT_HARD_ERROR  . . . . . . . .  	Number	0002	
EXIT_INNER . . . . . . . . . . .  	L NEAR	0060	CODE
EXIT_KEEP_PROCESS  . . . . . . .  	Number	0003	
EXIT_TERMINATE . . . . . . . . .  	Number	0000	
EXIT_TYPE  . . . . . . . . . . .  	V BYTE 	0000	DATA	External

FALSE  . . . . . . . . . . . . .  	Number	0000	
FATPRI . . . . . . . . . . . . .  	Number	001E	
FCB_CLOSE  . . . . . . . . . . .  	Number	0010	
FCB_CREATE . . . . . . . . . . .  	Number	0016	
FCB_DELETE . . . . . . . . . . .  	Number	0013	
FCB_OPEN . . . . . . . . . . . .  	Number	000F	
FCB_RANDOM_READ  . . . . . . . .  	Number	0021	
FCB_RANDOM_READ_BLOCK  . . . . .  	Number	0027	
FCB_RANDOM_WRITE . . . . . . . .  	Number	0022	
FCB_RANDOM_WRITE_BLOCK . . . . .  	Number	0028	
FCB_RENAME . . . . . . . . . . .  	Number	0017	
FCB_SEQ_READ . . . . . . . . . .  	Number	0014	
FCB_SEQ_WRITE  . . . . . . . . .  	Number	0015	
FILDIRENT  . . . . . . . . . . .  	Number	0010	
FILETIMES_INVALID_FUNCTION . . .  	Alias	 ERROR_INVALID_FUNCTION		
FILETIMES_INVALID_HANDLE . . . .  	Alias	 ERROR_INVALID_HANDLE		
FILE_TIMES . . . . . . . . . . .  	Number	0057	
FILPERPROC . . . . . . . . . . .  	Number	0014	
FINDFIRST_FILE_NOT_FOUND . . . .  	Alias	 ERROR_FILE_NOT_FOUND		
FINDFIRST_NO_MORE_FILES  . . . .  	Alias	 ERROR_NO_MORE_FILES		
FINDNEXT_NO_MORE_FILES . . . . .  	Alias	 ERROR_NO_MORE_FILES		
FIND_FIRST . . . . . . . . . . .  	Number	004E	
FIND_NEXT  . . . . . . . . . . .  	Number	004F	
FREEPRI  . . . . . . . . . . . .  	Number	0000	

GETEXTENDEDERROR . . . . . . . .  	Number	0059	
GET_CURRENT_PDB  . . . . . . . .  	Number	0051	
GET_DATE . . . . . . . . . . . .  	Number	002A	
GET_DEFAULT_DPB  . . . . . . . .  	Number	001F	
GET_DEFAULT_DRIVE  . . . . . . .  	Number	0019	
GET_DMA  . . . . . . . . . . . .  	Number	002F	
GET_DPB  . . . . . . . . . . . .  	Number	0032	
GET_DRIVE_FREESPACE  . . . . . .  	Number	0036	
GET_FCB_FILE_LENGTH  . . . . . .  	Number	0023	
GET_FCB_POSITION . . . . . . . .  	Number	0024	
GET_INDOS_FLAG . . . . . . . . .  	Number	0034	
GET_INTERRUPT_VECTOR . . . . . .  	Number	0035	
GET_IN_VARS  . . . . . . . . . .  	Number	0052	
GET_TIME . . . . . . . . . . . .  	Number	002C	
GET_VERIFY_ON_WRITE  . . . . . .  	Number	0054	
GET_VERSION  . . . . . . . . . .  	Number	0030	

HIGHMEM  . . . . . . . . . . . .  	Alias	 FALSE		

IBM  . . . . . . . . . . . . . .  	Alias	 TRUE		
Microsoft (R) Macro Assembler  Version 4.00                 11/19/18 12:39:15
STDPROC - process maintenance for MSDOS                     Symbols-9
                                                             

INDOS  . . . . . . . . . . . . .  	V BYTE 	0000	DATA	External
INTBASE  . . . . . . . . . . . .  	Number	0080	
INTERNATIONAL  . . . . . . . . .  	Number	0038	
INTERNATIONAL_INVALID_FUNCTION .  	Alias	 ERROR_INVALID_FUNCTION		
INTERNAT_BLOCK_MAX . . . . . . .  	Number	0020	
INTTAB . . . . . . . . . . . . .  	Number	0020	
INT_ABORT  . . . . . . . . . . .  	Alias	 INTTAB		
INT_COMMAND  . . . . . . . . . .  	Number	0021	
INT_CTRL_C . . . . . . . . . . .  	Number	0023	
INT_DISK_READ  . . . . . . . . .  	Number	0025	
INT_DISK_WRITE . . . . . . . . .  	Number	0026	
INT_FASTCON  . . . . . . . . . .  	Number	0029	
INT_FATAL_ABORT  . . . . . . . .  	Number	0024	
INT_KEEP_PROCESS . . . . . . . .  	Number	0027	
INT_SPOOLER  . . . . . . . . . .  	Number	0028	
INT_TERMINATE  . . . . . . . . .  	Number	0022	
IOCTL  . . . . . . . . . . . . .  	Number	0044	
IOCTL_INVALID_DATA . . . . . . .  	Alias	 ERROR_INVALID_DATA		
IOCTL_INVALID_FUNCTION . . . . .  	Alias	 ERROR_INVALID_FUNCTION		
IOCTL_INVALID_HANDLE . . . . . .  	Alias	 ERROR_INVALID_HANDLE		
ISCIN  . . . . . . . . . . . . .  	Number	0001	
ISCLOCK  . . . . . . . . . . . .  	Number	0008	
ISCOUT . . . . . . . . . . . . .  	Number	0002	
ISFATBYDEV . . . . . . . . . . .  	Number	2000	
ISIBM  . . . . . . . . . . . . .  	Number	0010	
ISNULL . . . . . . . . . . . . .  	Number	0004	

KEEP_DONE  . . . . . . . . . . .  	L NEAR	0039	CODE
KEEP_PROCESS . . . . . . . . . .  	Number	0031	
KEEP_SHRINK  . . . . . . . . . .  	L NEAR	0027	CODE

LBRPRI . . . . . . . . . . . . .  	Number	0002	
LBWPRI . . . . . . . . . . . . .  	Number	0004	
LOCKOPER . . . . . . . . . . . .  	Number	005C	
LSEEK  . . . . . . . . . . . . .  	Number	0042	
LSEEK_INVALID_FUNCTION . . . . .  	Alias	 ERROR_INVALID_FUNCTION		
LSEEK_INVALID_HANDLE . . . . . .  	Alias	 ERROR_INVALID_HANDLE		

MI_INT . . . . . . . . . . . . .  	Number	00CD	
MI_LONG_CALL . . . . . . . . . .  	Number	009A	
MI_LONG_JMP  . . . . . . . . . .  	Number	00EA	
MI_LONG_RET  . . . . . . . . . .  	Number	00CB	
MKDIR  . . . . . . . . . . . . .  	Number	0039	
MKDIR_ACCESS_DENIED  . . . . . .  	Alias	 ERROR_ACCESS_DENIED		
MKDIR_PATH_NOT_FOUND . . . . . .  	Alias	 ERROR_PATH_NOT_FOUND		
MSVER  . . . . . . . . . . . . .  	Alias	 FALSE		

NO_ERROR_OCCURRED  . . . . . . .  	Text  0                                                              ?		
NUMIO  . . . . . . . . . . . . .  	V BYTE 	0000	DATA	External

OEMIBM . . . . . . . . . . . . .  	Text  		
OEM_C1 . . . . . . . . . . . . .  	Number	00F9	
OEM_C2 . . . . . . . . . . . . .  	Number	00FA	
OEM_C3 . . . . . . . . . . . . .  	Number	00FB	
Microsoft (R) Macro Assembler  Version 4.00                 11/19/18 12:39:15
STDPROC - process maintenance for MSDOS                     Symbols-10
                                                             

OEM_C4 . . . . . . . . . . . . .  	Number	00FC	
OEM_C5 . . . . . . . . . . . . .  	Number	00FD	
OEM_C6 . . . . . . . . . . . . .  	Number	00FE	
OEM_C7 . . . . . . . . . . . . .  	Number	00FF	
OPEN . . . . . . . . . . . . . .  	Number	003D	
OPEN_ACCESS_DENIED . . . . . . .  	Alias	 ERROR_ACCESS_DENIED		
OPEN_FILE_NOT_FOUND  . . . . . .  	Alias	 ERROR_FILE_NOT_FOUND		
OPEN_FOR_BOTH  . . . . . . . . .  	Number	0002	
OPEN_FOR_READ  . . . . . . . . .  	Number	0000	
OPEN_FOR_WRITE . . . . . . . . .  	Number	0001	
OPEN_INVALID_ACCESS  . . . . . .  	Alias	 ERROR_INVALID_ACCESS		
OPEN_TOO_MANY_OPEN_FILES . . . .  	Alias	 ERROR_TOO_MANY_OPEN_FILES		

PARSE_FILE_DESCRIPTOR  . . . . .  	Number	0029	

RAW_CON_INPUT  . . . . . . . . .  	Number	0007	
RAW_CON_IO . . . . . . . . . . .  	Number	0006	
READ . . . . . . . . . . . . . .  	Number	003F	
READ_ACCESS_DENIED . . . . . . .  	Alias	 ERROR_ACCESS_DENIED		
READ_INVALID_HANDLE  . . . . . .  	Alias	 ERROR_INVALID_HANDLE		
RENAME . . . . . . . . . . . . .  	Number	0056	
RENAME_ACCESS_DENIED . . . . . .  	Alias	 ERROR_ACCESS_DENIED		
RENAME_FILE_NOT_FOUND  . . . . .  	Alias	 ERROR_FILE_NOT_FOUND		
RENAME_NOT_SAME_DEVICE . . . . .  	Alias	 ERROR_NOT_SAME_DEVICE		
RMDIR  . . . . . . . . . . . . .  	Number	003A	
RMDIR_ACCESS_DENIED  . . . . . .  	Alias	 ERROR_ACCESS_DENIED		
RMDIR_CURRENT_DIRECTORY  . . . .  	Alias	 ERROR_CURRENT_DIRECTORY		
RMDIR_PATH_NOT_FOUND . . . . . .  	Alias	 ERROR_PATH_NOT_FOUND		
RPRI . . . . . . . . . . . . . .  	Number	0006	

SERVERCALL . . . . . . . . . . .  	Number	005D	
SETBLOCK . . . . . . . . . . . .  	Number	004A	
SETBLOCK_ARENA_TRASHED . . . . .  	Alias	 ERROR_ARENA_TRASHED		
SETBLOCK_INVALID_BLOCK . . . . .  	Alias	 ERROR_INVALID_BLOCK		
SETBLOCK_INVALID_FUNCTION  . . .  	Alias	 ERROR_INVALID_FUNCTION		
SETBLOCK_NOT_ENOUGH_MEMORY . . .  	Alias	 ERROR_NOT_ENOUGH_MEMORY		
SETDPB . . . . . . . . . . . . .  	Number	0053	
SET_CTRL_C_TRAPPING  . . . . . .  	Number	0033	
SET_CURRENT_PDB  . . . . . . . .  	Number	0050	
SET_DATE . . . . . . . . . . . .  	Number	002B	
SET_DEFAULT_DRIVE  . . . . . . .  	Number	000E	
SET_DMA  . . . . . . . . . . . .  	Number	001A	
SET_INTERRUPT_VECTOR . . . . . .  	Number	0025	
SET_OEM_HANDLER  . . . . . . . .  	Number	00F8	
SET_TIME . . . . . . . . . . . .  	Number	002D	
SET_VERIFY_ON_WRITE  . . . . . .  	Number	002E	
SF_DEFAULT_NUMBER  . . . . . . .  	Number	0005	
STAY_RESIDENT  . . . . . . . . .  	N PROC	003C	CODE	Global	Length = 000D
STBUI  . . . . . . . . . . . . .  	Number	0200	
STDAUX . . . . . . . . . . . . .  	Number	0003	
STDERR . . . . . . . . . . . . .  	Number	0002	
STDIN  . . . . . . . . . . . . .  	Number	0000	
STDON  . . . . . . . . . . . . .  	Number	0100	
STDOUT . . . . . . . . . . . . .  	Number	0001	
Microsoft (R) Macro Assembler  Version 4.00                 11/19/18 12:39:15
STDPROC - process maintenance for MSDOS                     Symbols-11
                                                             

STDPRN . . . . . . . . . . . . .  	Number	0004	
STD_AUX_INPUT  . . . . . . . . .  	Number	0003	
STD_AUX_OUTPUT . . . . . . . . .  	Number	0004	
STD_CON_INPUT  . . . . . . . . .  	Number	0001	
STD_CON_INPUT_FLUSH  . . . . . .  	Number	000C	
STD_CON_INPUT_NO_ECHO  . . . . .  	Number	0008	
STD_CON_INPUT_STATUS . . . . . .  	Number	000B	
STD_CON_OUTPUT . . . . . . . . .  	Number	0002	
STD_CON_STRING_INPUT . . . . . .  	Number	000A	
STD_CON_STRING_OUTPUT  . . . . .  	Number	0009	
STD_PRINTER_OUTPUT . . . . . . .  	Number	0005	
STECODE  . . . . . . . . . . . .  	Number	00FF	
STERR  . . . . . . . . . . . . .  	Number	8000	
SYS_RET_ERR_J  . . . . . . . . .  	NEAR 	0010	CODE
SYS_RET_OK_J . . . . . . . . . .  	NEAR 	000B	CODE

TOGLINS  . . . . . . . . . . . .  	Alias	 TRUE		
TOGLPRN  . . . . . . . . . . . .  	Alias	 TRUE		
TRUE . . . . . . . . . . . . . .  	Number	FFFF	

UNLINK . . . . . . . . . . . . .  	Number	0041	
UNLINK_ACCESS_DENIED . . . . . .  	Alias	 ERROR_ACCESS_DENIED		
UNLINK_FILE_NOT_FOUND  . . . . .  	Alias	 ERROR_FILE_NOT_FOUND		
USERIDOPER . . . . . . . . . . .  	Number	005E	

VER  . . . . . . . . . . . . . .  	Number	00C8	
VER200 . . . . . . . . . . . . .  	Text  		

WAIT . . . . . . . . . . . . . .  	Number	004D	
WANG . . . . . . . . . . . . . .  	Alias	 FALSE		
WPRI . . . . . . . . . . . . . .  	Number	0008	
WRECODE  . . . . . . . . . . . .  	Number	0000	
WRITE  . . . . . . . . . . . . .  	Number	0040	
WRITE_ACCESS_DENIED  . . . . . .  	Alias	 ERROR_ACCESS_DENIED		
WRITE_INVALID_HANDLE . . . . . .  	Alias	 ERROR_INVALID_HANDLE		

XDUP . . . . . . . . . . . . . .  	Number	0045	
XDUP2  . . . . . . . . . . . . .  	Number	0046	

ZEROEXT  . . . . . . . . . . . .  	Alias	 TRUE		

$EXEC  . . . . . . . . . . . . .  	N PROC	000E	CODE	Global	Length = 0005
$EXIT  . . . . . . . . . . . . .  	N PROC	0049	CODE	Global	Length = 0025
$KEEP_PROCESS  . . . . . . . . .  	N PROC	0013	CODE	Global	Length = 0029
$WAIT  . . . . . . . . . . . . .  	N PROC	0000	CODE	Global	Length = 000E
??0000 . . . . . . . . . . . . .  	L NEAR	000B	CODE
??0002 . . . . . . . . . . . . .  	L NEAR	0010	CODE
??0003 . . . . . . . . . . . . .  	L NEAR	0046	CODE
??0004 . . . . . . . . . . . . .  	L NEAR	006B	CODE


   1526 Source  Lines
   1809 Total   Lines
    574 Symbols

  20076 Bytes symbol space free

      0 Warning Errors
      0 Severe  Errors
